2018-09-08 09:20:30.978 [main] INFO  com.djs.SpringBootDemo12Application - Starting SpringBootDemo12Application on DESKTOP-OHFIN24 with PID 5348 (F:\MyEclipse2018\springBoot\springBootDemo12\target\classes started by Administrator in F:\MyEclipse2018\springBoot\springBootDemo12)
2018-09-08 09:20:30.978 [main] INFO  com.djs.SpringBootDemo12Application - No active profile set, falling back to default profiles: default
2018-09-08 09:20:31.031 [main] INFO  o.s.b.c.e.AnnotationConfigEmbeddedWebApplicationContext - Refreshing org.springframework.boot.context.embedded.AnnotationConfigEmbeddedWebApplicationContext@5ea434c8: startup date [Sat Sep 08 09:20:31 CST 2018]; root of context hierarchy
2018-09-08 09:20:31.390 [background-preinit] INFO  org.hibernate.validator.internal.util.Version - HV000001: Hibernate Validator 5.3.4.Final
2018-09-08 09:20:32.395 [main] INFO  o.s.b.c.e.tomcat.TomcatEmbeddedServletContainer - Tomcat initialized with port(s): 8080 (http)
2018-09-08 09:20:32.413 [main] INFO  org.apache.catalina.core.StandardService - Starting service Tomcat
2018-09-08 09:20:32.413 [main] INFO  org.apache.catalina.core.StandardEngine - Starting Servlet Engine: Apache Tomcat/8.5.11
2018-09-08 09:20:32.570 [localhost-startStop-1] INFO  o.a.c.core.ContainerBase.[Tomcat].[localhost].[/] - Initializing Spring embedded WebApplicationContext
2018-09-08 09:20:32.570 [localhost-startStop-1] INFO  org.springframework.web.context.ContextLoader - Root WebApplicationContext: initialization completed in 1539 ms
2018-09-08 09:20:32.757 [localhost-startStop-1] INFO  o.s.boot.web.servlet.ServletRegistrationBean - Mapping servlet: 'dispatcherServlet' to [/]
2018-09-08 09:20:32.757 [localhost-startStop-1] INFO  o.s.boot.web.servlet.FilterRegistrationBean - Mapping filter: 'characterEncodingFilter' to: [/*]
2018-09-08 09:20:32.757 [localhost-startStop-1] INFO  o.s.boot.web.servlet.FilterRegistrationBean - Mapping filter: 'hiddenHttpMethodFilter' to: [/*]
2018-09-08 09:20:32.757 [localhost-startStop-1] INFO  o.s.boot.web.servlet.FilterRegistrationBean - Mapping filter: 'httpPutFormContentFilter' to: [/*]
2018-09-08 09:20:32.757 [localhost-startStop-1] INFO  o.s.boot.web.servlet.FilterRegistrationBean - Mapping filter: 'requestContextFilter' to: [/*]
2018-09-08 09:20:33.085 [main] INFO  o.s.w.s.m.m.a.RequestMappingHandlerAdapter - Looking for @ControllerAdvice: org.springframework.boot.context.embedded.AnnotationConfigEmbeddedWebApplicationContext@5ea434c8: startup date [Sat Sep 08 09:20:31 CST 2018]; root of context hierarchy
2018-09-08 09:20:33.163 [main] INFO  o.s.w.s.m.m.a.RequestMappingHandlerMapping - Mapped "{[/index]}" onto public java.lang.String com.djs.controller.IndexController.index()
2018-09-08 09:20:33.163 [main] INFO  o.s.w.s.m.m.a.RequestMappingHandlerMapping - Mapped "{[/error]}" onto public org.springframework.http.ResponseEntity<java.util.Map<java.lang.String, java.lang.Object>> org.springframework.boot.autoconfigure.web.BasicErrorController.error(javax.servlet.http.HttpServletRequest)
2018-09-08 09:20:33.163 [main] INFO  o.s.w.s.m.m.a.RequestMappingHandlerMapping - Mapped "{[/error],produces=[text/html]}" onto public org.springframework.web.servlet.ModelAndView org.springframework.boot.autoconfigure.web.BasicErrorController.errorHtml(javax.servlet.http.HttpServletRequest,javax.servlet.http.HttpServletResponse)
2018-09-08 09:20:33.195 [main] INFO  o.s.web.servlet.handler.SimpleUrlHandlerMapping - Mapped URL path [/webjars/**] onto handler of type [class org.springframework.web.servlet.resource.ResourceHttpRequestHandler]
2018-09-08 09:20:33.195 [main] INFO  o.s.web.servlet.handler.SimpleUrlHandlerMapping - Mapped URL path [/**] onto handler of type [class org.springframework.web.servlet.resource.ResourceHttpRequestHandler]
2018-09-08 09:20:33.226 [main] INFO  o.s.web.servlet.handler.SimpleUrlHandlerMapping - Mapped URL path [/**/favicon.ico] onto handler of type [class org.springframework.web.servlet.resource.ResourceHttpRequestHandler]
2018-09-08 09:20:33.429 [main] INFO  o.s.jmx.export.annotation.AnnotationMBeanExporter - Registering beans for JMX exposure on startup
2018-09-08 09:20:33.460 [main] INFO  org.apache.coyote.http11.Http11NioProtocol - Initializing ProtocolHandler ["http-nio-8080"]
2018-09-08 09:20:33.460 [main] INFO  org.apache.coyote.http11.Http11NioProtocol - Starting ProtocolHandler [http-nio-8080]
2018-09-08 09:20:33.491 [main] INFO  org.apache.tomcat.util.net.NioSelectorPool - Using a shared selector for servlet write/read
2018-09-08 09:20:33.507 [main] INFO  o.s.b.c.e.tomcat.TomcatEmbeddedServletContainer - Tomcat started on port(s): 8080 (http)
2018-09-08 09:20:33.522 [main] INFO  com.djs.SpringBootDemo12Application - Started SpringBootDemo12Application in 2.825 seconds (JVM running for 3.354)
2018-09-08 09:20:49.224 [http-nio-8080-exec-1] INFO  org.apache.tomcat.util.http.parser.Cookie - A cookie header was received [1535537127,1535590590,1535612529] that contained an invalid cookie. That cookie will be ignored.Note: further occurrences of this error will be logged at DEBUG level.
2018-09-08 09:20:49.229 [http-nio-8080-exec-1] INFO  o.a.c.core.ContainerBase.[Tomcat].[localhost].[/] - Initializing Spring FrameworkServlet 'dispatcherServlet'
2018-09-08 09:20:49.230 [http-nio-8080-exec-1] INFO  org.springframework.web.servlet.DispatcherServlet - FrameworkServlet 'dispatcherServlet': initialization started
2018-09-08 09:20:49.249 [http-nio-8080-exec-1] INFO  org.springframework.web.servlet.DispatcherServlet - FrameworkServlet 'dispatcherServlet': initialization completed in 19 ms
2018-09-08 09:20:49.285 [http-nio-8080-exec-1] INFO  com.djs.controller.IndexController - 访问了index方法
2018-09-08 09:20:49.285 [http-nio-8080-exec-1] ERROR com.djs.controller.IndexController - 记录error错误日志
2018-09-08 09:24:41.084 [main] INFO  com.djs.SpringBootDemo12Application - Starting SpringBootDemo12Application on DESKTOP-OHFIN24 with PID 5244 (F:\MyEclipse2018\springBoot\springBootDemo12\target\classes started by Administrator in F:\MyEclipse2018\springBoot\springBootDemo12)
2018-09-08 09:24:41.084 [main] INFO  com.djs.SpringBootDemo12Application - No active profile set, falling back to default profiles: default
2018-09-08 09:24:41.131 [main] INFO  o.s.b.c.e.AnnotationConfigEmbeddedWebApplicationContext - Refreshing org.springframework.boot.context.embedded.AnnotationConfigEmbeddedWebApplicationContext@10e41621: startup date [Sat Sep 08 09:24:41 CST 2018]; root of context hierarchy
2018-09-08 09:24:41.522 [background-preinit] INFO  org.hibernate.validator.internal.util.Version - HV000001: Hibernate Validator 5.3.4.Final
2018-09-08 09:24:42.529 [main] INFO  o.s.b.c.e.tomcat.TomcatEmbeddedServletContainer - Tomcat initialized with port(s): 8080 (http)
2018-09-08 09:24:42.550 [main] INFO  org.apache.catalina.core.StandardService - Starting service Tomcat
2018-09-08 09:24:42.550 [main] INFO  org.apache.catalina.core.StandardEngine - Starting Servlet Engine: Apache Tomcat/8.5.11
2018-09-08 09:24:42.690 [localhost-startStop-1] INFO  o.a.c.core.ContainerBase.[Tomcat].[localhost].[/] - Initializing Spring embedded WebApplicationContext
2018-09-08 09:24:42.690 [localhost-startStop-1] INFO  org.springframework.web.context.ContextLoader - Root WebApplicationContext: initialization completed in 1559 ms
2018-09-08 09:24:42.878 [localhost-startStop-1] INFO  o.s.boot.web.servlet.ServletRegistrationBean - Mapping servlet: 'dispatcherServlet' to [/]
2018-09-08 09:24:42.878 [localhost-startStop-1] INFO  o.s.boot.web.servlet.FilterRegistrationBean - Mapping filter: 'characterEncodingFilter' to: [/*]
2018-09-08 09:24:42.878 [localhost-startStop-1] INFO  o.s.boot.web.servlet.FilterRegistrationBean - Mapping filter: 'hiddenHttpMethodFilter' to: [/*]
2018-09-08 09:24:42.893 [localhost-startStop-1] INFO  o.s.boot.web.servlet.FilterRegistrationBean - Mapping filter: 'httpPutFormContentFilter' to: [/*]
2018-09-08 09:24:42.893 [localhost-startStop-1] INFO  o.s.boot.web.servlet.FilterRegistrationBean - Mapping filter: 'requestContextFilter' to: [/*]
2018-09-08 09:24:43.178 [main] INFO  o.s.w.s.m.m.a.RequestMappingHandlerAdapter - Looking for @ControllerAdvice: org.springframework.boot.context.embedded.AnnotationConfigEmbeddedWebApplicationContext@10e41621: startup date [Sat Sep 08 09:24:41 CST 2018]; root of context hierarchy
2018-09-08 09:24:43.256 [main] INFO  o.s.w.s.m.m.a.RequestMappingHandlerMapping - Mapped "{[/index]}" onto public java.lang.String com.djs.controller.IndexController.index()
2018-09-08 09:24:43.256 [main] INFO  o.s.w.s.m.m.a.RequestMappingHandlerMapping - Mapped "{[/test]}" onto public java.lang.String com.djs.TestController.index()
2018-09-08 09:24:43.256 [main] INFO  o.s.w.s.m.m.a.RequestMappingHandlerMapping - Mapped "{[/error]}" onto public org.springframework.http.ResponseEntity<java.util.Map<java.lang.String, java.lang.Object>> org.springframework.boot.autoconfigure.web.BasicErrorController.error(javax.servlet.http.HttpServletRequest)
2018-09-08 09:24:43.256 [main] INFO  o.s.w.s.m.m.a.RequestMappingHandlerMapping - Mapped "{[/error],produces=[text/html]}" onto public org.springframework.web.servlet.ModelAndView org.springframework.boot.autoconfigure.web.BasicErrorController.errorHtml(javax.servlet.http.HttpServletRequest,javax.servlet.http.HttpServletResponse)
2018-09-08 09:24:43.288 [main] INFO  o.s.web.servlet.handler.SimpleUrlHandlerMapping - Mapped URL path [/webjars/**] onto handler of type [class org.springframework.web.servlet.resource.ResourceHttpRequestHandler]
2018-09-08 09:24:43.288 [main] INFO  o.s.web.servlet.handler.SimpleUrlHandlerMapping - Mapped URL path [/**] onto handler of type [class org.springframework.web.servlet.resource.ResourceHttpRequestHandler]
2018-09-08 09:24:43.334 [main] INFO  o.s.web.servlet.handler.SimpleUrlHandlerMapping - Mapped URL path [/**/favicon.ico] onto handler of type [class org.springframework.web.servlet.resource.ResourceHttpRequestHandler]
2018-09-08 09:24:43.506 [main] INFO  o.s.jmx.export.annotation.AnnotationMBeanExporter - Registering beans for JMX exposure on startup
2018-09-08 09:24:43.522 [main] INFO  org.apache.coyote.http11.Http11NioProtocol - Initializing ProtocolHandler ["http-nio-8080"]
2018-09-08 09:24:43.538 [main] INFO  org.apache.coyote.http11.Http11NioProtocol - Starting ProtocolHandler [http-nio-8080]
2018-09-08 09:24:43.568 [main] INFO  org.apache.tomcat.util.net.NioSelectorPool - Using a shared selector for servlet write/read
2018-09-08 09:24:43.583 [main] INFO  o.s.b.c.e.tomcat.TomcatEmbeddedServletContainer - Tomcat started on port(s): 8080 (http)
2018-09-08 09:24:43.583 [main] INFO  com.djs.SpringBootDemo12Application - Started SpringBootDemo12Application in 2.842 seconds (JVM running for 3.426)
2018-09-08 09:25:02.431 [http-nio-8080-exec-1] INFO  org.apache.tomcat.util.http.parser.Cookie - A cookie header was received [1535537127,1535590590,1535612529] that contained an invalid cookie. That cookie will be ignored.Note: further occurrences of this error will be logged at DEBUG level.
2018-09-08 09:25:02.437 [http-nio-8080-exec-1] INFO  o.a.c.core.ContainerBase.[Tomcat].[localhost].[/] - Initializing Spring FrameworkServlet 'dispatcherServlet'
2018-09-08 09:25:02.437 [http-nio-8080-exec-1] INFO  org.springframework.web.servlet.DispatcherServlet - FrameworkServlet 'dispatcherServlet': initialization started
2018-09-08 09:25:02.454 [http-nio-8080-exec-1] INFO  org.springframework.web.servlet.DispatcherServlet - FrameworkServlet 'dispatcherServlet': initialization completed in 17 ms
2018-09-08 09:25:10.484 [http-nio-8080-exec-2] INFO  com.djs.TestController - 访问了index方法
2018-09-08 09:25:10.484 [http-nio-8080-exec-2] ERROR com.djs.TestController - 记录error错误日志
